Step Seed.Chem.Formula Temp den(ncm-3) P(Pa) cols.per.second position added atom_mov
1 Ti 1.000000E+03 4.970160E+00 1 875000000000.0 False False
2 C 1.000000E+03 4.970160E+00 1 875000000000.0 True True
3 Ti 1.000000E+03 4.970160E+00 1 875000000000.0 False True
4 Ti 1.000000E+03 4.970160E+00 1 875000000000.0 True True
5 Ti 1.000000E+03 4.970160E+00 1 875000000000.0 True False
6 C 1.000000E+03 4.970160E+00 1 875000000000.0 True False
7 C 1.000000E+03 4.970160E+00 1 875000000000.0 True False
8 Ti 1.000000E+03 4.970160E+00 1 875000000000.0 True True
9 C 1.000000E+03 4.970160E+00 1 875000000000.0 False False
10 Ti 1.000000E+03 4.970160E+00 1 875000000000.0 False False
11 C 1.000000E+03 4.970160E+00 1 875000000000.0 False False
12 C 1.000000E+03 4.970160E+00 1 875000000000.0 False False
13 Ti 1.000000E+03 4.970160E+00 1 875000000000.0 False False
14 C 1.000000E+03 4.970160E+00 1 875000000000.0 False True
15 C 1.000000E+03 4.970160E+00 1 875000000000.0 False False
16 Ti 1.000000E+03 4.970160E+00 1 875000000000.0 False False
17 C 1.000000E+03 4.970160E+00 1 875000000000.0 False False
18 Ti 1.000000E+03 4.970160E+00 1 875000000000.0 True False
19 C 1.000000E+03 4.970160E+00 1 875000000000.0 True False
20 Ti 1.000000E+03 4.970160E+00 1 875000000000.0 True False
